<?xml version="1.0" encoding="UTF-8"?>
<!-- Generated by org.testng.reporters.JUnitReportReporter -->
<testsuite skipped="0" hostname="anuroopa-w10" name="qaclickacademy.mavenjava.SeleniumTest" tests="2" failures="0" timestamp="2020-08-06T20:53:36 IST" time="0.001" errors="0">
  <testcase name="ElementsUI" time="0.001" classname="qaclickacademy.mavenjava.SeleniumTest"/>
  <system-out/>
  <testcase name="BrowserAutomation" time="0.000" classname="qaclickacademy.mavenjava.SeleniumTest"/>
  <system-out/>
</testsuite> <!-- qaclickacademy.mavenjava.SeleniumTest -->
