<?xml version="1.0" encoding="UTF-8"?>
<!-- Generated by org.testng.reporters.JUnitReportReporter -->
<testsuite skipped="0" hostname="anuroopa-w10" name="qaclickacademy.mavenjava.AppiumTest" tests="2" failures="0" timestamp="2020-08-06T20:53:36 IST" time="0.006" errors="0">
  <testcase name="IsoAPP" time="0.006" classname="qaclickacademy.mavenjava.AppiumTest"/>
  <system-out/>
  <testcase name="NativeAPPAndroid" time="0.000" classname="qaclickacademy.mavenjava.AppiumTest"/>
  <system-out/>
</testsuite> <!-- qaclickacademy.mavenjava.AppiumTest -->
