<?xml version="1.0" encoding="UTF-8"?>
<!-- Generated by org.testng.reporters.JUnitReportReporter -->
<testsuite skipped="0" hostname="anuroopa-w10" name="qaclickacademy.mavenjava.RESTAPITest" tests="2" failures="0" timestamp="2020-08-06T20:53:36 IST" time="0.002" errors="0">
  <testcase name="DeleteTwitter" time="0.001" classname="qaclickacademy.mavenjava.RESTAPITest"/>
  <system-out/>
  <testcase name="PostJira" time="0.001" classname="qaclickacademy.mavenjava.RESTAPITest"/>
  <system-out/>
</testsuite> <!-- qaclickacademy.mavenjava.RESTAPITest -->
